<?xml version="1.0" encoding="UTF-8"?>
<!-- Generated by org.testng.reporters.JUnitReportReporter -->
<testsuite hostname="DESKTOP-3268FUS" failures="0" tests="3" name="SEL.TestSelenium" time="32.276" errors="0" timestamp="2023-04-20T09:24:59 EDT" skipped="0">
  <testcase classname="SEL.TestSelenium" name="Display" time="8.159"/>
  <system-out/>
  <testcase classname="SEL.TestSelenium" name="Display" time="9.176"/>
  <system-out/>
  <testcase classname="SEL.TestSelenium" name="Display" time="14.941"/>
  <system-out/>
</testsuite> <!-- SEL.TestSelenium -->
