<?xml version="1.0" encoding="UTF-8"?>
<!-- Generated by org.testng.reporters.JUnitReportReporter -->
<testsuite hostname="DESKTOP-3268FUS" failures="0" tests="4" name="testLayer.LoginTest" time="103.082" errors="0" timestamp="2023-04-24T10:00:21 EDT" skipped="0">
  <testcase classname="testLayer.LoginTest" name="Title" time="30.094"/>
  <system-out/>
  <testcase classname="testLayer.LoginTest" name="Login" time="24.633"/>
  <system-out/>
  <testcase classname="testLayer.LoginTest" name="Login" time="24.915"/>
  <system-out/>
  <testcase classname="testLayer.LoginTest" name="Login" time="23.440"/>
  <system-out/>
</testsuite> <!-- testLayer.LoginTest -->
