<?xml version="1.0" encoding="UTF-8"?>
<!-- Generated by org.testng.reporters.JUnitReportReporter -->
<testsuite hostname="DESKTOP-3268FUS" failures="0" tests="4" name="testLayer.LoginTest" time="77.911" errors="0" timestamp="2023-04-24T15:42:49 EDT" skipped="0">
  <testcase classname="testLayer.LoginTest" name="Title" time="14.226"/>
  <system-out/>
  <testcase classname="testLayer.LoginTest" name="Login" time="16.667"/>
  <system-out/>
  <testcase classname="testLayer.LoginTest" name="Login" time="21.427"/>
  <system-out/>
  <testcase classname="testLayer.LoginTest" name="Login" time="25.591"/>
  <system-out/>
</testsuite> <!-- testLayer.LoginTest -->
