<?xml version="1.0" encoding="UTF-8"?>
<!-- Generated by org.testng.reporters.JUnitReportReporter -->
<testsuite hostname="DESKTOP-3268FUS" failures="0" tests="3" name="SEL.Testnew" time="0.057" errors="0" timestamp="2023-04-20T09:24:11 EDT" skipped="0">
  <testcase classname="SEL.Testnew" name="writetestcases" time="0.024"/>
  <system-out/>
  <testcase classname="SEL.Testnew" name="Executetestcases" time="0.017"/>
  <system-out/>
  <testcase classname="SEL.Testnew" name="Defect" time="0.016"/>
  <system-out/>
</testsuite> <!-- SEL.Testnew -->
